<?xml version="1.0" encoding="UTF-8"?>
<testng-results ignored="0" total="7" passed="7" failed="0" skipped="0">
  <reporter-output>
  </reporter-output>
  <suite started-at="2020-05-26T10:11:37 UTC" name="Pentest Insights Suite" finished-at="2020-05-26T10:12:57 UTC" duration-ms="79787">
    <groups>
    </groups>
    <test started-at="2020-05-26T10:11:37 UTC" name="Fucntional Test" finished-at="2020-05-26T10:12:57 UTC" duration-ms="79787">
      <class name="securityMicroservice.FunctionalTest">
        <test-method is-config="true" signature="setUp()[pri:0, instance:securityMicroservice.FunctionalTest@2aece37d]" started-at="2020-05-26T10:11:37 UTC" name="setUp" finished-at="2020-05-26T10:11:41 UTC" duration-ms="3795" status="PASS">
          <reporter-output>
          </reporter-output>
        </test-method> <!-- setUp -->
        <test-method signature="login()[pri:1, instance:securityMicroservice.FunctionalTest@2aece37d]" started-at="2020-05-26T10:11:41 UTC" name="login" finished-at="2020-05-26T10:11:41 UTC" duration-ms="513" status="PASS">
          <reporter-output>
          </reporter-output>
        </test-method> <!-- login -->
        <test-method signature="sQLInjection()[pri:2, instance:securityMicroservice.FunctionalTest@2aece37d]" started-at="2020-05-26T10:11:41 UTC" name="sQLInjection" finished-at="2020-05-26T10:11:42 UTC" duration-ms="961" status="PASS">
          <reporter-output>
          </reporter-output>
        </test-method> <!-- sQLInjection -->
        <test-method signature="weakSessionIDs()[pri:3, instance:securityMicroservice.FunctionalTest@2aece37d]" started-at="2020-05-26T10:11:42 UTC" name="weakSessionIDs" finished-at="2020-05-26T10:11:43 UTC" duration-ms="273" status="PASS">
          <reporter-output>
          </reporter-output>
        </test-method> <!-- weakSessionIDs -->
        <test-method signature="xSSDOM()[pri:4, instance:securityMicroservice.FunctionalTest@2aece37d]" started-at="2020-05-26T10:11:43 UTC" name="xSSDOM" finished-at="2020-05-26T10:11:45 UTC" duration-ms="2040" status="PASS">
          <reporter-output>
          </reporter-output>
        </test-method> <!-- xSSDOM -->
        <test-method signature="xSSReflected()[pri:5, instance:securityMicroservice.FunctionalTest@2aece37d]" started-at="2020-05-26T10:11:45 UTC" name="xSSReflected" finished-at="2020-05-26T10:11:45 UTC" duration-ms="466" status="PASS">
          <reporter-output>
          </reporter-output>
        </test-method> <!-- xSSReflected -->
        <test-method signature="xSSStored()[pri:6, instance:securityMicroservice.FunctionalTest@2aece37d]" started-at="2020-05-26T10:11:45 UTC" name="xSSStored" finished-at="2020-05-26T10:11:46 UTC" duration-ms="529" status="PASS">
          <reporter-output>
          </reporter-output>
        </test-method> <!-- xSSStored -->
        <test-method signature="logout()[pri:7, instance:securityMicroservice.FunctionalTest@2aece37d]" started-at="2020-05-26T10:11:46 UTC" name="logout" finished-at="2020-05-26T10:11:46 UTC" duration-ms="123" status="PASS">
          <reporter-output>
          </reporter-output>
        </test-method> <!-- logout -->
        <test-method is-config="true" signature="tearDown()[pri:0, instance:securityMicroservice.FunctionalTest@2aece37d]" started-at="2020-05-26T10:11:46 UTC" name="tearDown" finished-at="2020-05-26T10:12:57 UTC" duration-ms="71059" status="PASS">
          <reporter-output>
          </reporter-output>
        </test-method> <!-- tearDown -->
      </class> <!-- securityMicroservice.FunctionalTest -->
    </test> <!-- Fucntional Test -->
  </suite> <!-- Pentest Insights Suite -->
</testng-results>
