<?xml version="1.0" encoding="UTF-8"?>
<testng-results ignored="0" total="5" passed="5" failed="0" skipped="0">
  <reporter-output>
  </reporter-output>
  <suite started-at="2020-05-18T11:55:57 EEST" name="Pentest Insights Suite" finished-at="2020-05-18T11:56:26 EEST" duration-ms="29185">
    <groups>
    </groups>
    <test started-at="2020-05-18T11:55:57 EEST" name="Fucntional Test" finished-at="2020-05-18T11:56:26 EEST" duration-ms="29185">
      <class name="securityMicroservice.FunctionalTest">
        <test-method is-config="true" signature="setUp()[pri:0, instance:securityMicroservice.FunctionalTest@184cf7cf]" started-at="2020-05-18T11:55:57 EEST" name="setUp" finished-at="2020-05-18T11:56:06 EEST" duration-ms="8909" status="PASS">
          <reporter-output>
          </reporter-output>
        </test-method> <!-- setUp -->
        <test-method signature="login()[pri:1, instance:securityMicroservice.FunctionalTest@184cf7cf]" started-at="2020-05-18T11:56:06 EEST" name="login" finished-at="2020-05-18T11:56:07 EEST" duration-ms="1336" status="PASS">
          <reporter-output>
          </reporter-output>
        </test-method> <!-- login -->
        <test-method signature="sQLi()[pri:2, instance:securityMicroservice.FunctionalTest@184cf7cf]" started-at="2020-05-18T11:56:07 EEST" name="sQLi" finished-at="2020-05-18T11:56:10 EEST" duration-ms="3026" status="PASS">
          <reporter-output>
          </reporter-output>
        </test-method> <!-- sQLi -->
        <test-method signature="xSSReflected()[pri:3, instance:securityMicroservice.FunctionalTest@184cf7cf]" started-at="2020-05-18T11:56:10 EEST" name="xSSReflected" finished-at="2020-05-18T11:56:12 EEST" duration-ms="2020" status="PASS">
          <reporter-output>
          </reporter-output>
        </test-method> <!-- xSSReflected -->
        <test-method signature="xSSStored()[pri:4, instance:securityMicroservice.FunctionalTest@184cf7cf]" started-at="2020-05-18T11:56:12 EEST" name="xSSStored" finished-at="2020-05-18T11:56:13 EEST" duration-ms="1200" status="PASS">
          <reporter-output>
          </reporter-output>
        </test-method> <!-- xSSStored -->
        <test-method signature="logout()[pri:5, instance:securityMicroservice.FunctionalTest@184cf7cf]" started-at="2020-05-18T11:56:13 EEST" name="logout" finished-at="2020-05-18T11:56:14 EEST" duration-ms="408" status="PASS">
          <reporter-output>
          </reporter-output>
        </test-method> <!-- logout -->
        <test-method is-config="true" signature="tearDown()[pri:0, instance:securityMicroservice.FunctionalTest@184cf7cf]" started-at="2020-05-18T11:56:14 EEST" name="tearDown" finished-at="2020-05-18T11:56:26 EEST" duration-ms="12247" status="PASS">
          <reporter-output>
          </reporter-output>
        </test-method> <!-- tearDown -->
      </class> <!-- securityMicroservice.FunctionalTest -->
    </test> <!-- Fucntional Test -->
  </suite> <!-- Pentest Insights Suite -->
</testng-results>
