<?xml version="1.0" encoding="UTF-8"?>
<testng-results ignored="0" total="7" passed="7" failed="0" skipped="0">
  <reporter-output>
  </reporter-output>
  <suite started-at="2020-05-26T09:23:46 UTC" name="Pentest Insights Suite" finished-at="2020-05-26T09:24:02 UTC" duration-ms="15642">
    <groups>
    </groups>
    <test started-at="2020-05-26T09:23:46 UTC" name="Fucntional Test" finished-at="2020-05-26T09:24:02 UTC" duration-ms="15642">
      <class name="securityMicroservice.FunctionalTest">
        <test-method is-config="true" signature="setUp()[pri:0, instance:securityMicroservice.FunctionalTest@2aece37d]" started-at="2020-05-26T09:23:46 UTC" name="setUp" finished-at="2020-05-26T09:23:48 UTC" duration-ms="2259" status="PASS">
          <reporter-output>
          </reporter-output>
        </test-method> <!-- setUp -->
        <test-method signature="login()[pri:1, instance:securityMicroservice.FunctionalTest@2aece37d]" started-at="2020-05-26T09:23:48 UTC" name="login" finished-at="2020-05-26T09:23:50 UTC" duration-ms="1278" status="PASS">
          <reporter-output>
          </reporter-output>
        </test-method> <!-- login -->
        <test-method signature="sQLInjection()[pri:2, instance:securityMicroservice.FunctionalTest@2aece37d]" started-at="2020-05-26T09:23:50 UTC" name="sQLInjection" finished-at="2020-05-26T09:23:50 UTC" duration-ms="720" status="PASS">
          <reporter-output>
          </reporter-output>
        </test-method> <!-- sQLInjection -->
        <test-method signature="weakSessionIDs()[pri:3, instance:securityMicroservice.FunctionalTest@2aece37d]" started-at="2020-05-26T09:23:50 UTC" name="weakSessionIDs" finished-at="2020-05-26T09:23:51 UTC" duration-ms="796" status="PASS">
          <reporter-output>
          </reporter-output>
        </test-method> <!-- weakSessionIDs -->
        <test-method signature="xSSDOM()[pri:4, instance:securityMicroservice.FunctionalTest@2aece37d]" started-at="2020-05-26T09:23:51 UTC" name="xSSDOM" finished-at="2020-05-26T09:23:53 UTC" duration-ms="1290" status="PASS">
          <reporter-output>
          </reporter-output>
        </test-method> <!-- xSSDOM -->
        <test-method signature="xSSReflected()[pri:5, instance:securityMicroservice.FunctionalTest@2aece37d]" started-at="2020-05-26T09:23:53 UTC" name="xSSReflected" finished-at="2020-05-26T09:23:53 UTC" duration-ms="515" status="PASS">
          <reporter-output>
          </reporter-output>
        </test-method> <!-- xSSReflected -->
        <test-method signature="xSSStored()[pri:6, instance:securityMicroservice.FunctionalTest@2aece37d]" started-at="2020-05-26T09:23:53 UTC" name="xSSStored" finished-at="2020-05-26T09:23:54 UTC" duration-ms="869" status="PASS">
          <reporter-output>
          </reporter-output>
        </test-method> <!-- xSSStored -->
        <test-method signature="logout()[pri:7, instance:securityMicroservice.FunctionalTest@2aece37d]" started-at="2020-05-26T09:23:54 UTC" name="logout" finished-at="2020-05-26T09:23:54 UTC" duration-ms="279" status="PASS">
          <reporter-output>
          </reporter-output>
        </test-method> <!-- logout -->
        <test-method is-config="true" signature="tearDown()[pri:0, instance:securityMicroservice.FunctionalTest@2aece37d]" started-at="2020-05-26T09:23:54 UTC" name="tearDown" finished-at="2020-05-26T09:24:02 UTC" duration-ms="7607" status="PASS">
          <reporter-output>
          </reporter-output>
        </test-method> <!-- tearDown -->
      </class> <!-- securityMicroservice.FunctionalTest -->
    </test> <!-- Fucntional Test -->
  </suite> <!-- Pentest Insights Suite -->
</testng-results>
