<?xml version="1.0" encoding="UTF-8"?>
<testng-results ignored="0" total="12" passed="12" failed="0" skipped="0">
  <reporter-output>
  </reporter-output>
  <suite started-at="2020-05-25T18:47:04 EEST" name="Pentest Insights Suite" finished-at="2020-05-25T18:47:21 EEST" duration-ms="17741">
    <groups>
    </groups>
    <test started-at="2020-05-25T18:47:04 EEST" name="Fucntional Test" finished-at="2020-05-25T18:47:21 EEST" duration-ms="17741">
      <class name="securityMicroservice.FunctionalTest">
        <test-method is-config="true" signature="setUp()[pri:0, instance:securityMicroservice.FunctionalTest@436a4e4b]" started-at="2020-05-25T18:47:04 EEST" name="setUp" finished-at="2020-05-25T18:47:09 EEST" duration-ms="5104" status="PASS">
          <reporter-output>
          </reporter-output>
        </test-method> <!-- setUp -->
        <test-method signature="cleanUpAndSetUp()[pri:1, instance:securityMicroservice.FunctionalTest@436a4e4b]" started-at="2020-05-25T18:47:09 EEST" name="cleanUpAndSetUp" finished-at="2020-05-25T18:47:09 EEST" duration-ms="1" status="PASS">
          <reporter-output>
          </reporter-output>
        </test-method> <!-- cleanUpAndSetUp -->
        <test-method signature="register()[pri:2, instance:securityMicroservice.FunctionalTest@436a4e4b]" started-at="2020-05-25T18:47:09 EEST" name="register" finished-at="2020-05-25T18:47:10 EEST" duration-ms="847" status="PASS">
          <reporter-output>
          </reporter-output>
        </test-method> <!-- register -->
        <test-method signature="addItemsToBasket()[pri:3, instance:securityMicroservice.FunctionalTest@436a4e4b]" started-at="2020-05-25T18:47:10 EEST" name="addItemsToBasket" finished-at="2020-05-25T18:47:11 EEST" duration-ms="1417" status="PASS">
          <reporter-output>
          </reporter-output>
        </test-method> <!-- addItemsToBasket -->
        <test-method signature="viewBasket()[pri:4, instance:securityMicroservice.FunctionalTest@436a4e4b]" started-at="2020-05-25T18:47:11 EEST" name="viewBasket" finished-at="2020-05-25T18:47:11 EEST" duration-ms="140" status="PASS">
          <reporter-output>
          </reporter-output>
        </test-method> <!-- viewBasket -->
        <test-method signature="updateBasket()[pri:5, instance:securityMicroservice.FunctionalTest@436a4e4b]" started-at="2020-05-25T18:47:11 EEST" name="updateBasket" finished-at="2020-05-25T18:47:12 EEST" duration-ms="453" status="PASS">
          <reporter-output>
          </reporter-output>
        </test-method> <!-- updateBasket -->
        <test-method signature="aboutUs()[pri:6, instance:securityMicroservice.FunctionalTest@436a4e4b]" started-at="2020-05-25T18:47:12 EEST" name="aboutUs" finished-at="2020-05-25T18:47:12 EEST" duration-ms="119" status="PASS">
          <reporter-output>
          </reporter-output>
        </test-method> <!-- aboutUs -->
        <test-method signature="scoringPage()[pri:7, instance:securityMicroservice.FunctionalTest@436a4e4b]" started-at="2020-05-25T18:47:12 EEST" name="scoringPage" finished-at="2020-05-25T18:47:12 EEST" duration-ms="213" status="PASS">
          <reporter-output>
          </reporter-output>
        </test-method> <!-- scoringPage -->
        <test-method signature="contactUs()[pri:8, instance:securityMicroservice.FunctionalTest@436a4e4b]" started-at="2020-05-25T18:47:12 EEST" name="contactUs" finished-at="2020-05-25T18:47:12 EEST" duration-ms="476" status="PASS">
          <reporter-output>
          </reporter-output>
        </test-method> <!-- contactUs -->
        <test-method signature="search()[pri:9, instance:securityMicroservice.FunctionalTest@436a4e4b]" started-at="2020-05-25T18:47:12 EEST" name="search" finished-at="2020-05-25T18:47:13 EEST" duration-ms="462" status="PASS">
          <reporter-output>
          </reporter-output>
        </test-method> <!-- search -->
        <test-method signature="logout()[pri:10, instance:securityMicroservice.FunctionalTest@436a4e4b]" started-at="2020-05-25T18:47:13 EEST" name="logout" finished-at="2020-05-25T18:47:13 EEST" duration-ms="125" status="PASS">
          <reporter-output>
          </reporter-output>
        </test-method> <!-- logout -->
        <test-method signature="login()[pri:11, instance:securityMicroservice.FunctionalTest@436a4e4b]" started-at="2020-05-25T18:47:13 EEST" name="login" finished-at="2020-05-25T18:47:13 EEST" duration-ms="442" status="PASS">
          <reporter-output>
          </reporter-output>
        </test-method> <!-- login -->
        <test-method signature="done()[pri:12, instance:securityMicroservice.FunctionalTest@436a4e4b]" started-at="2020-05-25T18:47:13 EEST" name="done" finished-at="2020-05-25T18:47:13 EEST" duration-ms="0" status="PASS">
          <reporter-output>
          </reporter-output>
        </test-method> <!-- done -->
        <test-method is-config="true" signature="tearDown()[pri:0, instance:securityMicroservice.FunctionalTest@436a4e4b]" started-at="2020-05-25T18:47:13 EEST" name="tearDown" finished-at="2020-05-25T18:47:21 EEST" duration-ms="7906" status="PASS">
          <reporter-output>
          </reporter-output>
        </test-method> <!-- tearDown -->
      </class> <!-- securityMicroservice.FunctionalTest -->
    </test> <!-- Fucntional Test -->
  </suite> <!-- Pentest Insights Suite -->
</testng-results>
