<?xml version="1.0" encoding="UTF-8"?>
<testng-results ignored="0" total="12" passed="12" failed="0" skipped="0">
  <reporter-output>
  </reporter-output>
  <suite started-at="2020-05-08T21:01:39 EEST" name="Pentest Insights Suite" finished-at="2020-05-08T21:01:55 EEST" duration-ms="15686">
    <groups>
    </groups>
    <test started-at="2020-05-08T21:01:39 EEST" name="Fucntional Test" finished-at="2020-05-08T21:01:55 EEST" duration-ms="15686">
      <class name="securityMicroservice.FunctionalTest">
        <test-method is-config="true" signature="setUp()[pri:0, instance:securityMicroservice.FunctionalTest@72a7c7e0]" started-at="2020-05-08T21:01:39 EEST" name="setUp" finished-at="2020-05-08T21:01:47 EEST" duration-ms="8159" status="PASS">
          <reporter-output>
          </reporter-output>
        </test-method> <!-- setUp -->
        <test-method signature="cleanUpAndSetUp()[pri:1, instance:securityMicroservice.FunctionalTest@72a7c7e0]" started-at="2020-05-08T21:01:47 EEST" name="cleanUpAndSetUp" finished-at="2020-05-08T21:01:47 EEST" duration-ms="5" status="PASS">
          <reporter-output>
          </reporter-output>
        </test-method> <!-- cleanUpAndSetUp -->
        <test-method signature="register()[pri:2, instance:securityMicroservice.FunctionalTest@72a7c7e0]" started-at="2020-05-08T21:01:47 EEST" name="register" finished-at="2020-05-08T21:01:48 EEST" duration-ms="842" status="PASS">
          <reporter-output>
          </reporter-output>
        </test-method> <!-- register -->
        <test-method signature="addItemsToBasket()[pri:3, instance:securityMicroservice.FunctionalTest@72a7c7e0]" started-at="2020-05-08T21:01:48 EEST" name="addItemsToBasket" finished-at="2020-05-08T21:01:49 EEST" duration-ms="877" status="PASS">
          <reporter-output>
          </reporter-output>
        </test-method> <!-- addItemsToBasket -->
        <test-method signature="viewBasket()[pri:4, instance:securityMicroservice.FunctionalTest@72a7c7e0]" started-at="2020-05-08T21:01:49 EEST" name="viewBasket" finished-at="2020-05-08T21:01:49 EEST" duration-ms="105" status="PASS">
          <reporter-output>
          </reporter-output>
        </test-method> <!-- viewBasket -->
        <test-method signature="updateBasket()[pri:5, instance:securityMicroservice.FunctionalTest@72a7c7e0]" started-at="2020-05-08T21:01:49 EEST" name="updateBasket" finished-at="2020-05-08T21:01:49 EEST" duration-ms="265" status="PASS">
          <reporter-output>
          </reporter-output>
        </test-method> <!-- updateBasket -->
        <test-method signature="aboutUs()[pri:6, instance:securityMicroservice.FunctionalTest@72a7c7e0]" started-at="2020-05-08T21:01:49 EEST" name="aboutUs" finished-at="2020-05-08T21:01:49 EEST" duration-ms="90" status="PASS">
          <reporter-output>
          </reporter-output>
        </test-method> <!-- aboutUs -->
        <test-method signature="scoringPage()[pri:7, instance:securityMicroservice.FunctionalTest@72a7c7e0]" started-at="2020-05-08T21:01:49 EEST" name="scoringPage" finished-at="2020-05-08T21:01:50 EEST" duration-ms="173" status="PASS">
          <reporter-output>
          </reporter-output>
        </test-method> <!-- scoringPage -->
        <test-method signature="contactUs()[pri:8, instance:securityMicroservice.FunctionalTest@72a7c7e0]" started-at="2020-05-08T21:01:50 EEST" name="contactUs" finished-at="2020-05-08T21:01:50 EEST" duration-ms="279" status="PASS">
          <reporter-output>
          </reporter-output>
        </test-method> <!-- contactUs -->
        <test-method signature="search()[pri:9, instance:securityMicroservice.FunctionalTest@72a7c7e0]" started-at="2020-05-08T21:01:50 EEST" name="search" finished-at="2020-05-08T21:01:50 EEST" duration-ms="269" status="PASS">
          <reporter-output>
          </reporter-output>
        </test-method> <!-- search -->
        <test-method signature="logout()[pri:10, instance:securityMicroservice.FunctionalTest@72a7c7e0]" started-at="2020-05-08T21:01:50 EEST" name="logout" finished-at="2020-05-08T21:01:50 EEST" duration-ms="110" status="PASS">
          <reporter-output>
          </reporter-output>
        </test-method> <!-- logout -->
        <test-method signature="login()[pri:11, instance:securityMicroservice.FunctionalTest@72a7c7e0]" started-at="2020-05-08T21:01:50 EEST" name="login" finished-at="2020-05-08T21:01:51 EEST" duration-ms="329" status="PASS">
          <reporter-output>
          </reporter-output>
        </test-method> <!-- login -->
        <test-method signature="done()[pri:12, instance:securityMicroservice.FunctionalTest@72a7c7e0]" started-at="2020-05-08T21:01:51 EEST" name="done" finished-at="2020-05-08T21:01:51 EEST" duration-ms="31" status="PASS">
          <reporter-output>
          </reporter-output>
        </test-method> <!-- done -->
        <test-method is-config="true" signature="tearDown()[pri:0, instance:securityMicroservice.FunctionalTest@72a7c7e0]" started-at="2020-05-08T21:01:51 EEST" name="tearDown" finished-at="2020-05-08T21:01:55 EEST" duration-ms="4110" status="PASS">
          <reporter-output>
          </reporter-output>
        </test-method> <!-- tearDown -->
      </class> <!-- securityMicroservice.FunctionalTest -->
    </test> <!-- Fucntional Test -->
  </suite> <!-- Pentest Insights Suite -->
</testng-results>
