<?xml version="1.0" encoding="UTF-8"?>
<testng-results ignored="0" total="12" passed="12" failed="0" skipped="0">
  <reporter-output>
  </reporter-output>
  <suite started-at="2020-05-25T18:58:34 EEST" name="Pentest Insights Suite" finished-at="2020-05-25T18:58:52 EEST" duration-ms="17950">
    <groups>
    </groups>
    <test started-at="2020-05-25T18:58:34 EEST" name="Fucntional Test" finished-at="2020-05-25T18:58:52 EEST" duration-ms="17950">
      <class name="securityMicroservice.FunctionalTest">
        <test-method is-config="true" signature="setUp()[pri:0, instance:securityMicroservice.FunctionalTest@436a4e4b]" started-at="2020-05-25T18:58:34 EEST" name="setUp" finished-at="2020-05-25T18:58:40 EEST" duration-ms="5555" status="PASS">
          <reporter-output>
          </reporter-output>
        </test-method> <!-- setUp -->
        <test-method signature="cleanUpAndSetUp()[pri:1, instance:securityMicroservice.FunctionalTest@436a4e4b]" started-at="2020-05-25T18:58:40 EEST" name="cleanUpAndSetUp" finished-at="2020-05-25T18:58:40 EEST" duration-ms="1" status="PASS">
          <reporter-output>
          </reporter-output>
        </test-method> <!-- cleanUpAndSetUp -->
        <test-method signature="register()[pri:2, instance:securityMicroservice.FunctionalTest@436a4e4b]" started-at="2020-05-25T18:58:40 EEST" name="register" finished-at="2020-05-25T18:58:40 EEST" duration-ms="852" status="PASS">
          <reporter-output>
          </reporter-output>
        </test-method> <!-- register -->
        <test-method signature="addItemsToBasket()[pri:3, instance:securityMicroservice.FunctionalTest@436a4e4b]" started-at="2020-05-25T18:58:40 EEST" name="addItemsToBasket" finished-at="2020-05-25T18:58:42 EEST" duration-ms="1518" status="PASS">
          <reporter-output>
          </reporter-output>
        </test-method> <!-- addItemsToBasket -->
        <test-method signature="viewBasket()[pri:4, instance:securityMicroservice.FunctionalTest@436a4e4b]" started-at="2020-05-25T18:58:42 EEST" name="viewBasket" finished-at="2020-05-25T18:58:42 EEST" duration-ms="122" status="PASS">
          <reporter-output>
          </reporter-output>
        </test-method> <!-- viewBasket -->
        <test-method signature="updateBasket()[pri:5, instance:securityMicroservice.FunctionalTest@436a4e4b]" started-at="2020-05-25T18:58:42 EEST" name="updateBasket" finished-at="2020-05-25T18:58:43 EEST" duration-ms="422" status="PASS">
          <reporter-output>
          </reporter-output>
        </test-method> <!-- updateBasket -->
        <test-method signature="aboutUs()[pri:6, instance:securityMicroservice.FunctionalTest@436a4e4b]" started-at="2020-05-25T18:58:43 EEST" name="aboutUs" finished-at="2020-05-25T18:58:43 EEST" duration-ms="102" status="PASS">
          <reporter-output>
          </reporter-output>
        </test-method> <!-- aboutUs -->
        <test-method signature="scoringPage()[pri:7, instance:securityMicroservice.FunctionalTest@436a4e4b]" started-at="2020-05-25T18:58:43 EEST" name="scoringPage" finished-at="2020-05-25T18:58:43 EEST" duration-ms="210" status="PASS">
          <reporter-output>
          </reporter-output>
        </test-method> <!-- scoringPage -->
        <test-method signature="contactUs()[pri:8, instance:securityMicroservice.FunctionalTest@436a4e4b]" started-at="2020-05-25T18:58:43 EEST" name="contactUs" finished-at="2020-05-25T18:58:43 EEST" duration-ms="451" status="PASS">
          <reporter-output>
          </reporter-output>
        </test-method> <!-- contactUs -->
        <test-method signature="search()[pri:9, instance:securityMicroservice.FunctionalTest@436a4e4b]" started-at="2020-05-25T18:58:43 EEST" name="search" finished-at="2020-05-25T18:58:44 EEST" duration-ms="436" status="PASS">
          <reporter-output>
          </reporter-output>
        </test-method> <!-- search -->
        <test-method signature="logout()[pri:10, instance:securityMicroservice.FunctionalTest@436a4e4b]" started-at="2020-05-25T18:58:44 EEST" name="logout" finished-at="2020-05-25T18:58:44 EEST" duration-ms="132" status="PASS">
          <reporter-output>
          </reporter-output>
        </test-method> <!-- logout -->
        <test-method signature="login()[pri:11, instance:securityMicroservice.FunctionalTest@436a4e4b]" started-at="2020-05-25T18:58:44 EEST" name="login" finished-at="2020-05-25T18:58:44 EEST" duration-ms="561" status="PASS">
          <reporter-output>
          </reporter-output>
        </test-method> <!-- login -->
        <test-method is-config="true" signature="tearDown()[pri:0, instance:securityMicroservice.FunctionalTest@436a4e4b]" started-at="2020-05-25T18:58:44 EEST" name="tearDown" finished-at="2020-05-25T18:58:52 EEST" duration-ms="7545" status="PASS">
          <reporter-output>
          </reporter-output>
        </test-method> <!-- tearDown -->
        <test-method signature="done()[pri:12, instance:securityMicroservice.FunctionalTest@436a4e4b]" started-at="2020-05-25T18:58:44 EEST" name="done" finished-at="2020-05-25T18:58:44 EEST" duration-ms="0" status="PASS">
          <reporter-output>
          </reporter-output>
        </test-method> <!-- done -->
      </class> <!-- securityMicroservice.FunctionalTest -->
    </test> <!-- Fucntional Test -->
  </suite> <!-- Pentest Insights Suite -->
</testng-results>
