<?xml version="1.0" encoding="UTF-8"?>
<testng-results ignored="0" total="13" passed="13" failed="0" skipped="0">
  <reporter-output>
  </reporter-output>
  <suite started-at="2020-05-08T11:13:00 EEST" name="Pentest Insights Suite" finished-at="2020-05-08T11:13:31 EEST" duration-ms="31326">
    <groups>
    </groups>
    <test started-at="2020-05-08T11:13:00 EEST" name="Fucntional Test" finished-at="2020-05-08T11:13:31 EEST" duration-ms="31326">
      <class name="securityMicroservice.FunctionalTest">
        <test-method is-config="true" signature="setUp()[pri:0, instance:securityMicroservice.FunctionalTest@30b7c004]" started-at="2020-05-08T11:13:00 EEST" name="setUp" finished-at="2020-05-08T11:13:12 EEST" duration-ms="11686" status="PASS">
          <reporter-output>
          </reporter-output>
        </test-method> <!-- setUp -->
        <test-method signature="register()[pri:2, instance:securityMicroservice.FunctionalTest@30b7c004]" started-at="2020-05-08T11:13:12 EEST" name="register" finished-at="2020-05-08T11:13:14 EEST" duration-ms="2783" status="PASS">
          <reporter-output>
          </reporter-output>
        </test-method> <!-- register -->
        <test-method signature="cleanUpAndSetUp()[pri:1, instance:securityMicroservice.FunctionalTest@30b7c004]" started-at="2020-05-08T11:13:12 EEST" name="cleanUpAndSetUp" finished-at="2020-05-08T11:13:12 EEST" duration-ms="0" status="PASS">
          <reporter-output>
          </reporter-output>
        </test-method> <!-- cleanUpAndSetUp -->
        <test-method signature="addItemsToBasket()[pri:3, instance:securityMicroservice.FunctionalTest@30b7c004]" started-at="2020-05-08T11:13:14 EEST" name="addItemsToBasket" finished-at="2020-05-08T11:13:18 EEST" duration-ms="3622" status="PASS">
          <reporter-output>
          </reporter-output>
        </test-method> <!-- addItemsToBasket -->
        <test-method signature="viewBasket()[pri:4, instance:securityMicroservice.FunctionalTest@30b7c004]" started-at="2020-05-08T11:13:18 EEST" name="viewBasket" finished-at="2020-05-08T11:13:18 EEST" duration-ms="192" status="PASS">
          <reporter-output>
          </reporter-output>
        </test-method> <!-- viewBasket -->
        <test-method signature="updateBasket()[pri:5, instance:securityMicroservice.FunctionalTest@30b7c004]" started-at="2020-05-08T11:13:18 EEST" name="updateBasket" finished-at="2020-05-08T11:13:19 EEST" duration-ms="475" status="PASS">
          <reporter-output>
          </reporter-output>
        </test-method> <!-- updateBasket -->
        <test-method signature="aboutUs()[pri:6, instance:securityMicroservice.FunctionalTest@30b7c004]" started-at="2020-05-08T11:13:19 EEST" name="aboutUs" finished-at="2020-05-08T11:13:19 EEST" duration-ms="286" status="PASS">
          <reporter-output>
          </reporter-output>
        </test-method> <!-- aboutUs -->
        <test-method signature="scoringPage()[pri:7, instance:securityMicroservice.FunctionalTest@30b7c004]" started-at="2020-05-08T11:13:19 EEST" name="scoringPage" finished-at="2020-05-08T11:13:19 EEST" duration-ms="474" status="PASS">
          <reporter-output>
          </reporter-output>
        </test-method> <!-- scoringPage -->
        <test-method signature="contactUs()[pri:8, instance:securityMicroservice.FunctionalTest@30b7c004]" started-at="2020-05-08T11:13:19 EEST" name="contactUs" finished-at="2020-05-08T11:13:20 EEST" duration-ms="720" status="PASS">
          <reporter-output>
          </reporter-output>
        </test-method> <!-- contactUs -->
        <test-method signature="search()[pri:9, instance:securityMicroservice.FunctionalTest@30b7c004]" started-at="2020-05-08T11:13:20 EEST" name="search" finished-at="2020-05-08T11:13:21 EEST" duration-ms="802" status="PASS">
          <reporter-output>
          </reporter-output>
        </test-method> <!-- search -->
        <test-method signature="logout()[pri:10, instance:securityMicroservice.FunctionalTest@30b7c004]" started-at="2020-05-08T11:13:21 EEST" name="logout" finished-at="2020-05-08T11:13:21 EEST" duration-ms="331" status="PASS">
          <reporter-output>
          </reporter-output>
        </test-method> <!-- logout -->
        <test-method signature="login()[pri:11, instance:securityMicroservice.FunctionalTest@30b7c004]" started-at="2020-05-08T11:13:21 EEST" name="login" finished-at="2020-05-08T11:13:22 EEST" duration-ms="692" status="PASS">
          <reporter-output>
          </reporter-output>
        </test-method> <!-- login -->
        <test-method signature="done()[pri:12, instance:securityMicroservice.FunctionalTest@30b7c004]" started-at="2020-05-08T11:13:22 EEST" name="done" finished-at="2020-05-08T11:13:22 EEST" duration-ms="168" status="PASS">
          <reporter-output>
          </reporter-output>
        </test-method> <!-- done -->
        <test-method signature="securityScan()[pri:13, instance:securityMicroservice.FunctionalTest@30b7c004]" started-at="2020-05-08T11:13:22 EEST" name="securityScan" finished-at="2020-05-08T11:13:31 EEST" duration-ms="8540" status="PASS">
          <reporter-output>
          </reporter-output>
        </test-method> <!-- securityScan -->
        <test-method is-config="true" signature="tearDown()[pri:0, instance:securityMicroservice.FunctionalTest@30b7c004]" started-at="2020-05-08T11:13:31 EEST" name="tearDown" finished-at="2020-05-08T11:13:31 EEST" duration-ms="519" status="PASS">
          <reporter-output>
          </reporter-output>
        </test-method> <!-- tearDown -->
      </class> <!-- securityMicroservice.FunctionalTest -->
    </test> <!-- Fucntional Test -->
  </suite> <!-- Pentest Insights Suite -->
</testng-results>
