<?xml version="1.0" encoding="UTF-8"?>
<testng-results ignored="0" total="7" passed="7" failed="0" skipped="0">
  <reporter-output>
  </reporter-output>
  <suite started-at="2020-05-26T10:05:18 UTC" name="Pentest Insights Suite" finished-at="2020-05-26T10:06:33 UTC" duration-ms="75247">
    <groups>
    </groups>
    <test started-at="2020-05-26T10:05:18 UTC" name="Fucntional Test" finished-at="2020-05-26T10:06:33 UTC" duration-ms="75247">
      <class name="securityMicroservice.FunctionalTest">
        <test-method is-config="true" signature="setUp()[pri:0, instance:securityMicroservice.FunctionalTest@2aece37d]" started-at="2020-05-26T10:05:18 UTC" name="setUp" finished-at="2020-05-26T10:05:21 UTC" duration-ms="2777" status="PASS">
          <reporter-output>
          </reporter-output>
        </test-method> <!-- setUp -->
        <test-method signature="login()[pri:1, instance:securityMicroservice.FunctionalTest@2aece37d]" started-at="2020-05-26T10:05:21 UTC" name="login" finished-at="2020-05-26T10:05:22 UTC" duration-ms="662" status="PASS">
          <reporter-output>
          </reporter-output>
        </test-method> <!-- login -->
        <test-method signature="sQLInjection()[pri:2, instance:securityMicroservice.FunctionalTest@2aece37d]" started-at="2020-05-26T10:05:22 UTC" name="sQLInjection" finished-at="2020-05-26T10:05:22 UTC" duration-ms="786" status="PASS">
          <reporter-output>
          </reporter-output>
        </test-method> <!-- sQLInjection -->
        <test-method signature="weakSessionIDs()[pri:3, instance:securityMicroservice.FunctionalTest@2aece37d]" started-at="2020-05-26T10:05:22 UTC" name="weakSessionIDs" finished-at="2020-05-26T10:05:23 UTC" duration-ms="486" status="PASS">
          <reporter-output>
          </reporter-output>
        </test-method> <!-- weakSessionIDs -->
        <test-method signature="xSSDOM()[pri:4, instance:securityMicroservice.FunctionalTest@2aece37d]" started-at="2020-05-26T10:05:23 UTC" name="xSSDOM" finished-at="2020-05-26T10:05:24 UTC" duration-ms="983" status="PASS">
          <reporter-output>
          </reporter-output>
        </test-method> <!-- xSSDOM -->
        <test-method signature="xSSReflected()[pri:5, instance:securityMicroservice.FunctionalTest@2aece37d]" started-at="2020-05-26T10:05:24 UTC" name="xSSReflected" finished-at="2020-05-26T10:05:24 UTC" duration-ms="498" status="PASS">
          <reporter-output>
          </reporter-output>
        </test-method> <!-- xSSReflected -->
        <test-method signature="xSSStored()[pri:6, instance:securityMicroservice.FunctionalTest@2aece37d]" started-at="2020-05-26T10:05:24 UTC" name="xSSStored" finished-at="2020-05-26T10:05:25 UTC" duration-ms="641" status="PASS">
          <reporter-output>
          </reporter-output>
        </test-method> <!-- xSSStored -->
        <test-method signature="logout()[pri:7, instance:securityMicroservice.FunctionalTest@2aece37d]" started-at="2020-05-26T10:05:25 UTC" name="logout" finished-at="2020-05-26T10:05:25 UTC" duration-ms="312" status="PASS">
          <reporter-output>
          </reporter-output>
        </test-method> <!-- logout -->
        <test-method is-config="true" signature="tearDown()[pri:0, instance:securityMicroservice.FunctionalTest@2aece37d]" started-at="2020-05-26T10:05:25 UTC" name="tearDown" finished-at="2020-05-26T10:06:33 UTC" duration-ms="68074" status="PASS">
          <reporter-output>
          </reporter-output>
        </test-method> <!-- tearDown -->
      </class> <!-- securityMicroservice.FunctionalTest -->
    </test> <!-- Fucntional Test -->
  </suite> <!-- Pentest Insights Suite -->
</testng-results>
